#
# A fatal error has been detected by the Java Runtime Environment:
#
#  EXCEPTION_ACCESS_VIOLATION (0xc0000005) at pc=0x000000005d5b1708, pid=5240, tid=4208
#
# JRE version: Java(TM) SE Runtime Environment (8.0_05-b13) (build 1.8.0_05-b13)
# Java VM: Java HotSpot(TM) 64-Bit Server VM (25.5-b02 mixed mode windows-amd64 compressed oops)
# Problematic frame:
# C  [atio6axx.dll+0x81708]
#
# Failed to write core dump. Minidumps are not enabled by default on client versions of Windows
#
# If you would like to submit a bug report, please visit:
#   http://bugreport.sun.com/bugreport/crash.jsp
# The crash happened outside the Java Virtual Machine in native code.
# See problematic frame for where to report the bug.
#

---------------  T H R E A D  ---------------

Current thread (0x000000001d5ae000):  JavaThread "LWJGL Application" [_thread_in_native, id=4208, stack(0x00000000206d0000,0x00000000207d0000)]

siginfo: ExceptionCode=0xc0000005, reading address 0x000000004a05c000

Registers:
RAX=0x000000000000005d, RBX=0x000000004a05c000, RCX=0x000000004a05bfc0, RDX=0x000000000000005d
RSP=0x00000000207ccf80, RBP=0x0000000000001f3f, RSI=0x0000000000000000, RDI=0x000000008b795080
R8 =0x0000000000000040, R9 =0x0000000000001f40, R10=0x000000004a059140, R11=0x000000008b792180
R12=0x0000000000000040, R13=0x0000000000000080, R14=0x0000000000001f40, R15=0x00000000000000bb
RIP=0x000000005d5b1708, EFLAGS=0x0000000000010283

Top of Stack: (sp=0x00000000207ccf80)
0x00000000207ccf80:   0000000000010000 0000000000000000
0x00000000207ccf90:   0000000000000000 0000000000000000
0x00000000207ccfa0:   0b79800000000000 0000000000000000
0x00000000207ccfb0:   0000000000000040 0000000000000000
0x00000000207ccfc0:   0000000080000000 00000000217f9748
0x00000000207ccfd0:   0000000000001500 00000000207cd4a0
0x00000000207ccfe0:   0000000022619420 00000000217cc8b0
0x00000000207ccff0:   00000000207cd100 000000005df6ae1e
0x00000000207cd000:   0000000080000000 0000000000000080
0x00000000207cd010:   00000000207cd910 0000000021832440
0x00000000207cd020:   0000000000005dc0 0000000000005e00
0x00000000207cd030:   000000003f800001 0000000000000001
0x00000000207cd040:   0000000000000000 0000000000000000
0x00000000207cd050:   0000000000000000 0000000000000000
0x00000000207cd060:   0000000176ed5401 0000000000001500
0x00000000207cd070:   0000000080000000 0000000000000000 

Instructions: (pc=0x000000005d5b1708)
0x000000005d5b16e8:   c0 03 00 00 0f 18 83 00 04 00 00 0f 18 83 40 04
0x000000005d5b16f8:   00 00 0f 18 83 80 05 00 00 0f 18 83 c0 05 00 00
0x000000005d5b1708:   f3 0f 6f 03 f3 0f 6f 5b 10 f3 0f 6f 53 20 48 8d
0x000000005d5b1718:   43 70 48 8d 4b 40 ff c2 f3 0f 6f 4b 30 f3 0f 7f 


Register to memory mapping:

RAX=0x000000000000005d is an unknown value
RBX=0x000000004a05c000 is an unknown value
RCX=0x000000004a05bfc0 is an unknown value
RDX=0x000000000000005d is an unknown value
RSP=0x00000000207ccf80 is pointing into the stack for thread: 0x000000001d5ae000
RBP=0x0000000000001f3f is an unknown value
RSI=0x0000000000000000 is an unknown value
RDI=0x000000008b795080 is an unknown value
R8 =0x0000000000000040 is an unknown value
R9 =0x0000000000001f40 is an unknown value
R10=0x000000004a059140 is an unknown value
R11=0x000000008b792180 is an unknown value
R12=0x0000000000000040 is an unknown value
R13=0x0000000000000080 is an unknown value
R14=0x0000000000001f40 is an unknown value
R15=0x00000000000000bb is an unknown value


Stack: [0x00000000206d0000,0x00000000207d0000],  sp=0x00000000207ccf80,  free space=1011k
Native frames: (J=compiled Java code, j=interpreted, Vv=VM code, C=native code)
C  [atio6axx.dll+0x81708]
C  [atio6axx.dll+0xa3ae1e]
C  [atio6axx.dll+0xa53b80]
C  [atio6axx.dll+0xa52499]
C  [atio6axx.dll+0xa4f6d5]
C  [atio6axx.dll+0x9cb16a]
C  [atio6axx.dll+0x9cf056]
C  [atio6axx.dll+0x14e8539]
C  [atio6axx.dll+0xc2952a]
C  [atio6axx.dll+0x1e66d6]
C  [atio6axx.dll+0x125cd5]
C  [atio6axx.dll+0x2ba0c5]
C  [atio6axx.dll+0x2b1071]
C  [atio6axx.dll+0x623dc2]
C  0x00000000024651ae

Java frames: (J=compiled Java code, j=interpreted, Vv=VM code)
j  org.lwjgl.opengl.GL20.nglUniformMatrix4fv(IIZJJ)V+0
j  org.lwjgl.opengl.GL20.glUniformMatrix4(IZLjava/nio/FloatBuffer;)V+33
j  com.badlogic.gdx.backends.lwjgl.LwjglGL20.glUniformMatrix4fv(IIZLjava/nio/FloatBuffer;)V+4
j  com.badlogic.gdx.graphics.glutils.ShaderProgram.setUniformMatrix(Ljava/lang/String;Lcom/badlogic/gdx/math/Matrix4;Z)V+56
j  com.badlogic.gdx.graphics.glutils.ShaderProgram.setUniformMatrix(Ljava/lang/String;Lcom/badlogic/gdx/math/Matrix4;)V+4
j  com.badlogic.gdx.graphics.g2d.SpriteBatch.setupMatrices()V+126
j  com.badlogic.gdx.graphics.g2d.SpriteBatch.setTransformMatrix(Lcom/badlogic/gdx/math/Matrix4;)V+28
j  com.badlogic.gdx.scenes.scene2d.Group.applyTransform(Lcom/badlogic/gdx/graphics/g2d/SpriteBatch;Lcom/badlogic/gdx/math/Matrix4;)V+14
j  com.badlogic.gdx.scenes.scene2d.Group.draw(Lcom/badlogic/gdx/graphics/g2d/SpriteBatch;F)V+13
j  kyle.game.besiege.Kingdom.draw(Lcom/badlogic/gdx/graphics/g2d/SpriteBatch;F)V+66
j  com.badlogic.gdx.scenes.scene2d.Group.drawChildren(Lcom/badlogic/gdx/graphics/g2d/SpriteBatch;F)V+409
j  com.badlogic.gdx.scenes.scene2d.Group.draw(Lcom/badlogic/gdx/graphics/g2d/SpriteBatch;F)V+19
j  com.badlogic.gdx.scenes.scene2d.Stage.draw()V+48
j  kyle.game.besiege.MapScreen.render(F)V+386
j  com.badlogic.gdx.Game.render()V+19
j  com.badlogic.gdx.backends.lwjgl.LwjglApplication.mainLoop()V+642
j  com.badlogic.gdx.backends.lwjgl.LwjglApplication$1.run()V+27
v  ~StubRoutines::call_stub

---------------  P R O C E S S  ---------------

Java Threads: ( => current thread )
  0x0000000001e6e800 JavaThread "DestroyJavaVM" [_thread_blocked, id=3640, stack(0x0000000002080000,0x0000000002180000)]
=>0x000000001d5ae000 JavaThread "LWJGL Application" [_thread_in_native, id=4208, stack(0x00000000206d0000,0x00000000207d0000)]
  0x000000001d40d800 JavaThread "Service Thread" daemon [_thread_blocked, id=2124, stack(0x000000001f1d0000,0x000000001f2d0000)]
  0x000000001d3f0800 JavaThread "C1 CompilerThread3" daemon [_thread_blocked, id=4740, stack(0x000000001f090000,0x000000001f190000)]
  0x000000001d3e3800 JavaThread "C2 CompilerThread2" daemon [_thread_blocked, id=1300, stack(0x000000001eef0000,0x000000001eff0000)]
  0x000000001d395000 JavaThread "C2 CompilerThread1" daemon [_thread_blocked, id=4264, stack(0x000000001ed10000,0x000000001ee10000)]
  0x000000001d37e000 JavaThread "C2 CompilerThread0" daemon [_thread_blocked, id=3588, stack(0x000000001eb30000,0x000000001ec30000)]
  0x000000001d37c800 JavaThread "Attach Listener" daemon [_thread_blocked, id=5312, stack(0x000000001e530000,0x000000001e630000)]
  0x000000001c1cf000 JavaThread "Signal Dispatcher" daemon [_thread_blocked, id=568, stack(0x000000001e8c0000,0x000000001e9c0000)]
  0x0000000001e2c000 JavaThread "Finalizer" daemon [_thread_blocked, id=2856, stack(0x000000001e6d0000,0x000000001e7d0000)]
  0x000000001c1b4000 JavaThread "Reference Handler" daemon [_thread_blocked, id=4504, stack(0x000000001e420000,0x000000001e520000)]

Other Threads:
  0x000000001d332800 VMThread [stack: 0x000000001e280000,0x000000001e380000] [id=4652]
  0x000000001d40f000 WatcherThread [stack: 0x000000001f3a0000,0x000000001f4a0000] [id=5980]

VM state:not at safepoint (normal execution)

VM Mutex/Monitor currently owned by a thread: None

Heap:
 PSYoungGen      total 97792K, used 27004K [0x000000076ae00000, 0x0000000771300000, 0x00000007c0000000)
  eden space 93696K, 26% used [0x000000076ae00000,0x000000076c5df1c8,0x0000000770980000)
  from space 4096K, 62% used [0x0000000770e00000,0x0000000771080000,0x0000000771200000)
  to   space 4608K, 0% used [0x0000000770980000,0x0000000770980000,0x0000000770e00000)
 ParOldGen       total 260608K, used 11605K [0x00000006c0a00000, 0x00000006d0880000, 0x000000076ae00000)
  object space 260608K, 4% used [0x00000006c0a00000,0x00000006c1555730,0x00000006d0880000)
 Metaspace       used 7407K, capacity 8278K, committed 8448K, reserved 1056768K
  class space    used 710K, capacity 752K, committed 768K, reserved 1048576K

Card table byte_map: [0x0000000011810000,0x0000000012010000] byte_map_base: 0x000000000e20b000

Marking Bits: (ParMarkBitMap*) 0x00000000696613b0
 Begin Bits: [0x0000000013020000, 0x0000000016ff8000)
 End Bits:   [0x0000000016ff8000, 0x000000001afd0000)

Polling page: 0x0000000000100000

CodeCache: size=245760Kb used=3861Kb max_used=3870Kb free=241898Kb
 bounds [0x0000000002450000, 0x0000000002820000, 0x0000000011450000]
 total_blobs=1519 nmethods=1061 adapters=372
 compilation: enabled

Compilation events (10 events):
Event: 4.100 Thread 0x000000001d3f0800 1057       3       com.badlogic.gdx.graphics.g2d.BitmapFont::getBounds (15 bytes)
Event: 4.100 Thread 0x000000001d37e000 1058       4       com.badlogic.gdx.utils.StringBuilder::charAt (28 bytes)
Event: 4.100 Thread 0x000000001d3f0800 nmethod 1057 0x0000000002817fd0 code [0x0000000002818140, 0x0000000002818308]
Event: 4.100 Thread 0x000000001d3f0800 1059       3       com.badlogic.gdx.scenes.scene2d.ui.Label::getPrefWidth (58 bytes)
Event: 4.101 Thread 0x000000001d3f0800 nmethod 1059 0x0000000002818410 code [0x00000000028185a0, 0x0000000002818968]
Event: 4.101 Thread 0x000000001d3f0800 1061       1       com.badlogic.gdx.scenes.scene2d.Actor::setStage (6 bytes)
Event: 4.101 Thread 0x000000001d3f0800 nmethod 1061 0x0000000002818b10 code [0x0000000002818c60, 0x0000000002818d90]
Event: 4.101 Thread 0x000000001d3f0800 1060       3       com.badlogic.gdx.scenes.scene2d.ui.Label::getPrefHeight (62 bytes)
Event: 4.101 Thread 0x000000001d37e000 nmethod 1058 0x000000000281bad0 code [0x000000000281bc00, 0x000000000281bcb8]
Event: 4.101 Thread 0x000000001d3f0800 nmethod 1060 0x000000000281b2d0 code [0x000000000281b480, 0x000000000281b888]

GC Heap History (10 events):
Event: 0.975 GC heap before
{Heap before GC invocations=16 (full 0):
 PSYoungGen      total 34816K, used 29696K [0x000000076ae00000, 0x000000076e680000, 0x00000007c0000000)
  eden space 29696K, 100% used [0x000000076ae00000,0x000000076cb00000,0x000000076cb00000)
  from space 5120K, 0% used [0x000000076cb00000,0x000000076cb00000,0x000000076d000000)
  to   space 5120K, 0% used [0x000000076e180000,0x000000076e180000,0x000000076e680000)
 ParOldGen       total 260608K, used 11597K [0x00000006c0a00000, 0x00000006d0880000, 0x000000076ae00000)
  object space 260608K, 4% used [0x00000006c0a00000,0x00000006c1553730,0x00000006d0880000)
 Metaspace       used 6798K, capacity 7766K, committed 7936K, reserved 1056768K
  class space    used 640K, capacity 688K, committed 768K, reserved 1048576K
Event: 0.976 GC heap after
Heap after GC invocations=16 (full 0):
 PSYoungGen      total 51712K, used 0K [0x000000076ae00000, 0x000000076e580000, 0x00000007c0000000)
  eden space 47616K, 0% used [0x000000076ae00000,0x000000076ae00000,0x000000076dc80000)
  from space 4096K, 0% used [0x000000076e180000,0x000000076e180000,0x000000076e580000)
  to   space 4608K, 0% used [0x000000076dc80000,0x000000076dc80000,0x000000076e100000)
 ParOldGen       total 260608K, used 11597K [0x00000006c0a00000, 0x00000006d0880000, 0x000000076ae00000)
  object space 260608K, 4% used [0x00000006c0a00000,0x00000006c1553730,0x00000006d0880000)
 Metaspace       used 6798K, capacity 7766K, committed 7936K, reserved 1056768K
  class space    used 640K, capacity 688K, committed 768K, reserved 1048576K
}
Event: 1.023 GC heap before
{Heap before GC invocations=17 (full 0):
 PSYoungGen      total 51712K, used 47616K [0x000000076ae00000, 0x000000076e580000, 0x00000007c0000000)
  eden space 47616K, 100% used [0x000000076ae00000,0x000000076dc80000,0x000000076dc80000)
  from space 4096K, 0% used [0x000000076e180000,0x000000076e180000,0x000000076e580000)
  to   space 4608K, 0% used [0x000000076dc80000,0x000000076dc80000,0x000000076e100000)
 ParOldGen       total 260608K, used 11597K [0x00000006c0a00000, 0x00000006d0880000, 0x000000076ae00000)
  object space 260608K, 4% used [0x00000006c0a00000,0x00000006c1553730,0x00000006d0880000)
 Metaspace       used 6798K, capacity 7766K, committed 7936K, reserved 1056768K
  class space    used 640K, capacity 688K, committed 768K, reserved 1048576K
Event: 1.024 GC heap after
Heap after GC invocations=17 (full 0):
 PSYoungGen      total 52224K, used 0K [0x000000076ae00000, 0x000000076f880000, 0x00000007c0000000)
  eden space 47616K, 0% used [0x000000076ae00000,0x000000076ae00000,0x000000076dc80000)
  from space 4608K, 0% used [0x000000076dc80000,0x000000076dc80000,0x000000076e100000)
  to   space 4608K, 0% used [0x000000076f400000,0x000000076f400000,0x000000076f880000)
 ParOldGen       total 260608K, used 11597K [0x00000006c0a00000, 0x00000006d0880000, 0x000000076ae00000)
  object space 260608K, 4% used [0x00000006c0a00000,0x00000006c1553730,0x00000006d0880000)
 Metaspace       used 6798K, capacity 7766K, committed 7936K, reserved 1056768K
  class space    used 640K, capacity 688K, committed 768K, reserved 1048576K
}
Event: 1.067 GC heap before
{Heap before GC invocations=18 (full 0):
 PSYoungGen      total 52224K, used 47616K [0x000000076ae00000, 0x000000076f880000, 0x00000007c0000000)
  eden space 47616K, 100% used [0x000000076ae00000,0x000000076dc80000,0x000000076dc80000)
  from space 4608K, 0% used [0x000000076dc80000,0x000000076dc80000,0x000000076e100000)
  to   space 4608K, 0% used [0x000000076f400000,0x000000076f400000,0x000000076f880000)
 ParOldGen       total 260608K, used 11597K [0x00000006c0a00000, 0x00000006d0880000, 0x000000076ae00000)
  object space 260608K, 4% used [0x00000006c0a00000,0x00000006c1553730,0x00000006d0880000)
 Metaspace       used 6798K, capacity 7766K, committed 7936K, reserved 1056768K
  class space    used 640K, capacity 688K, committed 768K, reserved 1048576K
Event: 1.068 GC heap after
Heap after GC invocations=18 (full 0):
 PSYoungGen      total 71680K, used 0K [0x000000076ae00000, 0x000000076f880000, 0x00000007c0000000)
  eden space 67072K, 0% used [0x000000076ae00000,0x000000076ae00000,0x000000076ef80000)
  from space 4608K, 0% used [0x000000076f400000,0x000000076f400000,0x000000076f880000)
  to   space 4608K, 0% used [0x000000076ef80000,0x000000076ef80000,0x000000076f400000)
 ParOldGen       total 260608K, used 11597K [0x00000006c0a00000, 0x00000006d0880000, 0x000000076ae00000)
  object space 260608K, 4% used [0x00000006c0a00000,0x00000006c1553730,0x00000006d0880000)
 Metaspace       used 6798K, capacity 7766K, committed 7936K, reserved 1056768K
  class space    used 640K, capacity 688K, committed 768K, reserved 1048576K
}
Event: 1.135 GC heap before
{Heap before GC invocations=19 (full 0):
 PSYoungGen      total 71680K, used 67072K [0x000000076ae00000, 0x000000076f880000, 0x00000007c0000000)
  eden space 67072K, 100% used [0x000000076ae00000,0x000000076ef80000,0x000000076ef80000)
  from space 4608K, 0% used [0x000000076f400000,0x000000076f400000,0x000000076f880000)
  to   space 4608K, 0% used [0x000000076ef80000,0x000000076ef80000,0x000000076f400000)
 ParOldGen       total 260608K, used 11597K [0x00000006c0a00000, 0x00000006d0880000, 0x000000076ae00000)
  object space 260608K, 4% used [0x00000006c0a00000,0x00000006c1553730,0x00000006d0880000)
 Metaspace       used 6798K, capacity 7766K, committed 7936K, reserved 1056768K
  class space    used 640K, capacity 688K, committed 768K, reserved 1048576K
Event: 1.136 GC heap after
Heap after GC invocations=19 (full 0):
 PSYoungGen      total 71680K, used 0K [0x000000076ae00000, 0x0000000771200000, 0x00000007c0000000)
  eden space 67072K, 0% used [0x000000076ae00000,0x000000076ae00000,0x000000076ef80000)
  from space 4608K, 0% used [0x000000076ef80000,0x000000076ef80000,0x000000076f400000)
  to   space 4096K, 0% used [0x0000000770e00000,0x0000000770e00000,0x0000000771200000)
 ParOldGen       total 260608K, used 11597K [0x00000006c0a00000, 0x00000006d0880000, 0x000000076ae00000)
  object space 260608K, 4% used [0x00000006c0a00000,0x00000006c1553730,0x00000006d0880000)
 Metaspace       used 6798K, capacity 7766K, committed 7936K, reserved 1056768K
  class space    used 640K, capacity 688K, committed 768K, reserved 1048576K
}
Event: 4.020 GC heap before
{Heap before GC invocations=20 (full 0):
 PSYoungGen      total 71680K, used 67072K [0x000000076ae00000, 0x0000000771200000, 0x00000007c0000000)
  eden space 67072K, 100% used [0x000000076ae00000,0x000000076ef80000,0x000000076ef80000)
  from space 4608K, 0% used [0x000000076ef80000,0x000000076ef80000,0x000000076f400000)
  to   space 4096K, 0% used [0x0000000770e00000,0x0000000770e00000,0x0000000771200000)
 ParOldGen       total 260608K, used 11597K [0x00000006c0a00000, 0x00000006d0880000, 0x000000076ae00000)
  object space 260608K, 4% used [0x00000006c0a00000,0x00000006c1553730,0x00000006d0880000)
 Metaspace       used 7111K, capacity 8054K, committed 8192K, reserved 1056768K
  class space    used 672K, capacity 720K, committed 768K, reserved 1048576K
Event: 4.022 GC heap after
Heap after GC invocations=20 (full 0):
 PSYoungGen      total 97792K, used 2560K [0x000000076ae00000, 0x0000000771300000, 0x00000007c0000000)
  eden space 93696K, 0% used [0x000000076ae00000,0x000000076ae00000,0x0000000770980000)
  from space 4096K, 62% used [0x0000000770e00000,0x0000000771080000,0x0000000771200000)
  to   space 4608K, 0% used [0x0000000770980000,0x0000000770980000,0x0000000770e00000)
 ParOldGen       total 260608K, used 11605K [0x00000006c0a00000, 0x00000006d0880000, 0x000000076ae00000)
  object space 260608K, 4% used [0x00000006c0a00000,0x00000006c1555730,0x00000006d0880000)
 Metaspace       used 7111K, capacity 8054K, committed 8192K, reserved 1056768K
  class space    used 672K, capacity 720K, committed 768K, reserved 1048576K
}

Deoptimization events (10 events):
Event: 3.850 Thread 0x000000001d5ae000 Uncommon trap: reason=array_check action=maybe_recompile pc=0x000000000272df50 method=com.badlogic.gdx.utils.Array.add(Ljava/lang/Object;)V @ 46
Event: 3.852 Thread 0x000000001d5ae000 Uncommon trap: reason=unreached action=reinterpret pc=0x0000000002768968 method=com.badlogic.gdx.utils.Array$ArrayIterable.iterator()Ljava/util/Iterator; @ 4
Event: 3.867 Thread 0x000000001d5ae000 Uncommon trap: reason=array_check action=maybe_recompile pc=0x000000000272df50 method=com.badlogic.gdx.utils.Array.add(Ljava/lang/Object;)V @ 46
Event: 3.868 Thread 0x000000001d5ae000 Uncommon trap: reason=array_check action=maybe_recompile pc=0x000000000272df50 method=com.badlogic.gdx.utils.Array.add(Ljava/lang/Object;)V @ 46
Event: 3.873 Thread 0x000000001d5ae000 Uncommon trap: reason=array_check action=maybe_recompile pc=0x000000000272df50 method=com.badlogic.gdx.utils.Array.add(Ljava/lang/Object;)V @ 46
Event: 4.033 Thread 0x000000001d5ae000 Uncommon trap: reason=unreached action=reinterpret pc=0x00000000027c0180 method=kyle.game.besiege.party.Weapon.getRanged(Lkyle/game/besiege/party/Weapon;)Lkyle/game/besiege/party/RangedWeapon; @ 48
Event: 4.099 Thread 0x000000001d5ae000 Uncommon trap: reason=class_check action=maybe_recompile pc=0x00000000027af904 method=com.badlogic.gdx.utils.Array.removeValue(Ljava/lang/Object;Z)Z @ 40
Event: 4.099 Thread 0x000000001d5ae000 Uncommon trap: reason=class_check action=maybe_recompile pc=0x00000000027af904 method=com.badlogic.gdx.utils.Array.removeValue(Ljava/lang/Object;Z)Z @ 40
Event: 4.100 Thread 0x000000001d5ae000 Uncommon trap: reason=class_check action=maybe_recompile pc=0x00000000027af904 method=com.badlogic.gdx.utils.Array.removeValue(Ljava/lang/Object;Z)Z @ 40
Event: 4.100 Thread 0x000000001d5ae000 Uncommon trap: reason=class_check action=maybe_recompile pc=0x00000000027af904 method=com.badlogic.gdx.utils.Array.removeValue(Ljava/lang/Object;Z)Z @ 40

Internal exceptions (10 events):
Event: 4.085 Thread 0x000000001d5ae000 Exception <a 'java/security/PrivilegedActionException'> (0x000000076c1c37a0) thrown at [D:\re\workspace\8-2-build-windows-amd64-cygwin\jdk8u5\2488\hotspot\src\share\vm\prims\jvm.cpp, line 1248]
Event: 4.085 Thread 0x000000001d5ae000 Exception <a 'java/security/PrivilegedActionException'> (0x000000076c1d6cb8) thrown at [D:\re\workspace\8-2-build-windows-amd64-cygwin\jdk8u5\2488\hotspot\src\share\vm\prims\jvm.cpp, line 1248]
Event: 4.088 Thread 0x000000001d5ae000 Exception <a 'java/security/PrivilegedActionException'> (0x000000076c1f4cf0) thrown at [D:\re\workspace\8-2-build-windows-amd64-cygwin\jdk8u5\2488\hotspot\src\share\vm\prims\jvm.cpp, line 1248]
Event: 4.088 Thread 0x000000001d5ae000 Exception <a 'java/security/PrivilegedActionException'> (0x000000076c1f7750) thrown at [D:\re\workspace\8-2-build-windows-amd64-cygwin\jdk8u5\2488\hotspot\src\share\vm\prims\jvm.cpp, line 1248]
Event: 4.088 Thread 0x000000001d5ae000 Exception <a 'java/security/PrivilegedActionException'> (0x000000076c1fa680) thrown at [D:\re\workspace\8-2-build-windows-amd64-cygwin\jdk8u5\2488\hotspot\src\share\vm\prims\jvm.cpp, line 1248]
Event: 4.089 Thread 0x000000001d5ae000 Exception <a 'java/security/PrivilegedActionException'> (0x000000076c1fef68) thrown at [D:\re\workspace\8-2-build-windows-amd64-cygwin\jdk8u5\2488\hotspot\src\share\vm\prims\jvm.cpp, line 1248]
Event: 4.096 Thread 0x000000001d5ae000 Exception <a 'java/security/PrivilegedActionException'> (0x000000076c5ab578) thrown at [D:\re\workspace\8-2-build-windows-amd64-cygwin\jdk8u5\2488\hotspot\src\share\vm\prims\jvm.cpp, line 1248]
Event: 4.097 Thread 0x000000001d5ae000 Exception <a 'java/security/PrivilegedActionException'> (0x000000076c5afe18) thrown at [D:\re\workspace\8-2-build-windows-amd64-cygwin\jdk8u5\2488\hotspot\src\share\vm\prims\jvm.cpp, line 1248]
Event: 4.098 Thread 0x000000001d5ae000 Exception <a 'java/security/PrivilegedActionException'> (0x000000076c5b4f78) thrown at [D:\re\workspace\8-2-build-windows-amd64-cygwin\jdk8u5\2488\hotspot\src\share\vm\prims\jvm.cpp, line 1248]
Event: 4.098 Thread 0x000000001d5ae000 Exception <a 'java/security/PrivilegedActionException'> (0x000000076c5ba3f8) thrown at [D:\re\workspace\8-2-build-windows-amd64-cygwin\jdk8u5\2488\hotspot\src\share\vm\prims\jvm.cpp, line 1248]

Events (10 events):
Event: 4.099 loading class sun/misc/FDBigInteger
Event: 4.099 loading class sun/misc/FDBigInteger done
Event: 4.100 Thread 0x000000001d5ae000 Uncommon trap: trap_request=0xffffffde fr.pc=0x00000000027af904
Event: 4.100 Thread 0x000000001d5ae000 DEOPT PACKING pc=0x00000000027af904 sp=0x00000000207ceea0
Event: 4.100 Thread 0x000000001d5ae000 DEOPT UNPACKING pc=0x00000000024955af sp=0x00000000207cee38 mode 2
Event: 4.100 Thread 0x000000001d5ae000 Uncommon trap: trap_request=0xffffffde fr.pc=0x00000000027af904
Event: 4.100 Thread 0x000000001d5ae000 DEOPT PACKING pc=0x00000000027af904 sp=0x00000000207cee30
Event: 4.100 Thread 0x000000001d5ae000 DEOPT UNPACKING pc=0x00000000024955af sp=0x00000000207cedc8 mode 2
Event: 4.192 Executing VM operation: EnableBiasedLocking
Event: 4.192 Executing VM operation: EnableBiasedLocking done


Dynamic libraries:
0x000000013f1c0000 - 0x000000013f1f4000 	C:\Program Files\Java\jre8\bin\javaw.exe
0x0000000076dc0000 - 0x0000000076f69000 	C:\Windows\SYSTEM32\ntdll.dll
0x0000000076ba0000 - 0x0000000076cbf000 	C:\Windows\system32\kernel32.dll
0x000007fefcf20000 - 0x000007fefcf8c000 	C:\Windows\system32\KERNELBASE.dll
0x000007fefe000000 - 0x000007fefe0db000 	C:\Windows\system32\ADVAPI32.dll
0x000007fefdf60000 - 0x000007fefdfff000 	C:\Windows\system32\msvcrt.dll
0x000007fefcf90000 - 0x000007fefcfaf000 	C:\Windows\SYSTEM32\sechost.dll
0x000007fefefa0000 - 0x000007feff0cd000 	C:\Windows\system32\RPCRT4.dll
0x0000000076cc0000 - 0x0000000076dba000 	C:\Windows\system32\USER32.dll
0x000007fefe4b0000 - 0x000007fefe517000 	C:\Windows\system32\GDI32.dll
0x000007fefcfb0000 - 0x000007fefcfbe000 	C:\Windows\system32\LPK.dll
0x000007fefe700000 - 0x000007fefe7c9000 	C:\Windows\system32\USP10.dll
0x000007fefb500000 - 0x000007fefb6f4000 	C:\Windows\WinSxS\amd64_microsoft.windows.common-controls_6595b64144ccf1df_6.0.7601.17514_none_fa396087175ac9ac\COMCTL32.dll
0x000007fefe290000 - 0x000007fefe301000 	C:\Windows\system32\SHLWAPI.dll
0x000007fefe310000 - 0x000007fefe33e000 	C:\Windows\system32\IMM32.DLL
0x000007fefe180000 - 0x000007fefe289000 	C:\Windows\system32\MSCTF.dll
0x000000006dc60000 - 0x000000006dd32000 	C:\Program Files\Java\jre8\bin\msvcr100.dll
0x0000000068eb0000 - 0x00000000696da000 	C:\Program Files\Java\jre8\bin\server\jvm.dll
0x000007fef1050000 - 0x000007fef1059000 	C:\Windows\system32\WSOCK32.dll
0x000007fefef50000 - 0x000007fefef9d000 	C:\Windows\system32\WS2_32.dll
0x000007fefe7d0000 - 0x000007fefe7d8000 	C:\Windows\system32\NSI.dll
0x000007fef93c0000 - 0x000007fef93fb000 	C:\Windows\system32\WINMM.dll
0x0000000076f90000 - 0x0000000076f97000 	C:\Windows\system32\PSAPI.DLL
0x0000000072590000 - 0x000000007259f000 	C:\Program Files\Java\jre8\bin\verify.dll
0x000000006fe10000 - 0x000000006fe38000 	C:\Program Files\Java\jre8\bin\java.dll
0x0000000070830000 - 0x0000000070846000 	C:\Program Files\Java\jre8\bin\zip.dll
0x000007fefcfc0000 - 0x000007fefdd48000 	C:\Windows\system32\SHELL32.dll
0x000007fefdd50000 - 0x000007fefdf53000 	C:\Windows\system32\ole32.dll
0x000007fefcbd0000 - 0x000007fefcbdf000 	C:\Windows\system32\profapi.dll
0x0000000065580000 - 0x0000000065610000 	C:\Users\kdhillon3\AppData\Local\Temp\1\libgdxkdhillon3\5498721d\gdx64.dll
0x0000000180000000 - 0x0000000180050000 	C:\Users\kdhillon3\AppData\Local\Temp\1\libgdxkdhillon3\4c88a7c1\lwjgl64.dll
0x000007fedbc60000 - 0x000007fedbd7d000 	C:\Windows\system32\OPENGL32.dll
0x000007feddc50000 - 0x000007feddc7d000 	C:\Windows\system32\GLU32.dll
0x000007fedbaa0000 - 0x000007fedbb91000 	C:\Windows\system32\DDRAW.dll
0x000007fee4f80000 - 0x000007fee4f88000 	C:\Windows\system32\DCIMAN32.dll
0x000007fefea20000 - 0x000007fefebf7000 	C:\Windows\system32\SETUPAPI.dll
0x000007fefcea0000 - 0x000007fefced6000 	C:\Windows\system32\CFGMGR32.dll
0x000007fefe580000 - 0x000007fefe657000 	C:\Windows\system32\OLEAUT32.dll
0x000007fefcc40000 - 0x000007fefcc5a000 	C:\Windows\system32\DEVOBJ.dll
0x000007fefae60000 - 0x000007fefae78000 	C:\Windows\system32\dwmapi.dll
0x000007fefbc90000 - 0x000007fefbc9c000 	C:\Windows\system32\VERSION.dll
0x0000000001f80000 - 0x0000000001fe4000 	C:\Users\KDHILL~1\AppData\Local\Temp\1\libgdxkdhillon3\4c88a7c1\OpenAL64.dll
0x000007fefca30000 - 0x000007fefca3f000 	C:\Windows\system32\CRYPTBASE.dll
0x000007fefb4a0000 - 0x000007fefb4f6000 	C:\Windows\system32\uxtheme.dll
0x000007fefe0e0000 - 0x000007fefe179000 	C:\Windows\system32\CLBCatQ.DLL
0x000007fefae80000 - 0x000007fefafac000 	C:\Windows\System32\PROPSYS.dll
0x000007fefcbf0000 - 0x000007fefcc2a000 	C:\Windows\system32\WINTRUST.dll
0x000007fefcd30000 - 0x000007fefce9c000 	C:\Windows\system32\CRYPT32.dll
0x000007fefcbe0000 - 0x000007fefcbef000 	C:\Windows\system32\MSASN1.dll
0x000007fedb850000 - 0x000007fedb8d8000 	C:\Windows\system32\dsound.dll
0x000007fefa630000 - 0x000007fefa65c000 	C:\Windows\system32\POWRPROF.dll
0x000007fefafb0000 - 0x000007fefaffb000 	C:\Windows\System32\MMDevApi.dll
0x000007fef9300000 - 0x000007fef934f000 	C:\Windows\system32\AUDIOSES.DLL
0x000007fee4ee0000 - 0x000007fee4ef8000 	C:\Windows\system32\atig6pxx.dll
0x000000005d530000 - 0x000000005f070000 	C:\Windows\system32\atio6axx.dll
0x000007fef8e00000 - 0x000007fef8f2f000 	C:\Windows\system32\atiadlxx.dll
0x000007fefcc60000 - 0x000007fefcc7e000 	C:\Windows\system32\USERENV.dll
0x000007fefbe20000 - 0x000007fefbe31000 	C:\Windows\system32\WTSAPI32.dll
0x000007fef8dd0000 - 0x000007fef8df7000 	C:\Windows\system32\IPHLPAPI.DLL
0x000007fef8dc0000 - 0x000007fef8dcb000 	C:\Windows\system32\WINNSI.DLL
0x000007fedbc30000 - 0x000007fedbc59000 	C:\Windows\system32\atig6txx.dll
0x000007fedb7b0000 - 0x000007fedb84c000 	C:\Windows\system32\mscms.dll
0x000007fedc0c0000 - 0x000007fedc102000 	C:\Windows\system32\icm32.dll
0x000007fedf940000 - 0x000007fedfa65000 	C:\Windows\system32\dbghelp.dll

VM Arguments:
jvm_args: -Dfile.encoding=Cp1252 
java_command: kyle.game.besiege.Main
java_class_path (initial): C:\Users\kdhillon3\Documents\java\besiege\besiege-game-desktop\bin;C:\Users\kdhillon3\Documents\java\besiege\besiege-game\bin;C:\Users\kdhillon3\Documents\java\besiege\besiege-game\libs\gdx-sources.jar;C:\Users\kdhillon3\Documents\java\besiege\besiege-game\libs\gdx-tools.jar;C:\Users\kdhillon3\Documents\java\besiege\besiege-game\libs\gdx.jar;C:\Users\kdhillon3\Documents\java\besiege\besiege-game\libs\kryo-2.24.0-javadoc.jar;C:\Users\kdhillon3\Documents\java\besiege\besiege-game\libs\kryo-2.24.0-sources.jar;C:\Users\kdhillon3\Documents\java\besiege\besiege-game\libs\kryo-2.24.0.jar;C:\Users\kdhillon3\Documents\java\besiege\besiege-game\libs\minlog-1.2.jar;C:\Users\kdhillon3\Documents\java\besiege\besiege-game\libs\objenesis-1.2.jar;C:\Users\kdhillon3\Documents\java\besiege\besiege-game\libs\reflectasm-1.09-shaded.jar;C:\Users\kdhillon3\Documents\java\besiege\besiege-game-desktop\libs\gdx-backend-lwjgl-natives.jar;C:\Users\kdhillon3\Documents\java\besiege\besiege-game-desktop\libs\gdx-backend-lwjgl-sources.jar;C:\Users\kdhillon3\Documents\java\besiege\besiege-game-desktop\libs\gdx-backend-lwjgl.jar;C:\Users\kdhillon3\Documents\java\besiege\besiege-game-desktop\libs\gdx-natives.jar
Launcher Type: SUN_STANDARD

Environment Variables:
PATH=C:\Program Files (x86)\NVIDIA Corporation\PhysX\Common;C:\Windows\system32;C:\Windows;C:\Windows\System32\Wbem;C:\Windows\System32\WindowsPowerShell\v1.0\;C:\Program Files (x86)\ATI Technologies\ATI.ACE\Core-Static;C:\Program Files (x86)\XPlan\system;c:\Program Files (x86)\Microsoft SQL Server\100\Tools\Binn\;c:\Program Files\Microsoft SQL Server\100\Tools\Binn\;c:\Program Files\Microsoft SQL Server\100\DTS\Binn\;C:\Program Files (x86)\CMake\bin;C:\Program Files (x86)\CMake 2.8\bin;C:\Users\kdhillon3\Downloads\OpenSceneGraph-3.2.0\OpenSceneGraph\build\bin;C:\Program Files (x86)\VisualSVN\bin
USERNAME=kdhillon3
OS=Windows_NT
PROCESSOR_IDENTIFIER=Intel64 Family 6 Model 58 Stepping 9, GenuineIntel



---------------  S Y S T E M  ---------------

OS: Windows 7 , 64 bit Build 7601 Service Pack 1

CPU:total 8 (4 cores per cpu, 2 threads per core) family 6 model 58 stepping 9, cmov, cx8, fxsr, mmx, sse, sse2, sse3, ssse3, sse4.1, sse4.2, popcnt, avx, aes, clmul, erms, ht, tsc, tscinvbit

Memory: 4k page, physical 16730660k(13137720k free), swap 33459456k(28257228k free)

vm_info: Java HotSpot(TM) 64-Bit Server VM (25.5-b02) for windows-amd64 JRE (1.8.0_05-b13), built on Mar 18 2014 01:08:39 by "java_re" with MS VC++ 10.0 (VS2010)

time: Mon Aug 18 14:08:26 2014
elapsed time: 4 seconds

